{
    "FunctionName": "hello-cli",
    "FunctionArn": "arn:aws:lambda:us-east-1:070486574427:function:hello-cli:1",
    "Runtime": "nodejs12.x",
    "Role": "arn:aws:iam::070486574427:role/lambda-exemplo",
    "Handler": "index.handler",
    "CodeSize": 331,
    "Description": "",
    "Timeout": 3,
    "MemorySize": 128,
    "LastModified": "2021-12-20T23:37:42.000+0000",
    "CodeSha256": "5eI7uNsKkn+KTsfuRtJOcclUJeB4e+gds0WUagDi5tg=",
    "Version": "1",
    "TracingConfig": {
        "Mode": "PassThrough"
    },
    "RevisionId": "325eb531-b8a0-4c96-ad8b-6fde61fa92b3",
    "State": "Pending",
    "StateReason": "The function is being created.",
    "StateReasonCode": "Creating",
    "PackageType": "Zip",
    "Architectures": [
        "x86_64"
    ]
}
