{
    "FunctionName": "hello-cli",
    "FunctionArn": "arn:aws:lambda:us-east-1:070486574427:function:hello-cli",
    "Runtime": "nodejs12.x",
    "Role": "arn:aws:iam::070486574427:role/lambda-exemplo",
    "Handler": "index.handler",
    "CodeSize": 330,
    "Description": "",
    "Timeout": 3,
    "MemorySize": 128,
    "LastModified": "2021-12-20T23:34:20.075+0000",
    "CodeSha256": "GvCeZUWaGgP9agd4gNrUxCbaQAkJKm4m6Q1ZQx78eu4=",
    "Version": "$LATEST",
    "TracingConfig": {
        "Mode": "PassThrough"
    },
    "RevisionId": "396310b9-70b1-4add-8528-23796000e65c",
    "State": "Pending",
    "StateReason": "The function is being created.",
    "StateReasonCode": "Creating",
    "PackageType": "Zip",
    "Architectures": [
        "x86_64"
    ]
}
